Athena/app/build/intermediates/manifest_merge_blame_file/debug/processDebugMainManifest/manifest-merger-blame-debug-report.txt
1<?xml version="1.0" encoding="utf-8"?>
2<manifest xmlns:android="http://schemas.android.com/apk/res/android"
3    package="com.example.athena"
4    android:versionCode="1"
5    android:versionName="1.0" >
6
7    <uses-sdk
8        android:minSdkVersion="24"
9        android:targetSdkVersion="34" />
10
<<<<<<< Updated upstream
11    <uses-permission android:name="android.permission.WRITE_EXTERNAL_STORAGE" />
11-->src\main\AndroidManifest.xml:50:5-81
11-->src\main\AndroidManifest.xml:50:22-78
12    <uses-permission android:name="android.permission.READ_EXTERNAL_STORAGE" />
12-->src\main\AndroidManifest.xml:51:5-80
12-->src\main\AndroidManifest.xml:51:22-77
13    <uses-permission android:name="android.permission.READ_MEDIA_AUDIO" />
13-->src\main\AndroidManifest.xml:52:5-75
13-->src\main\AndroidManifest.xml:52:22-72
14    <uses-permission android:name="android.permission.READ_MEDIA_IMAGES" />
14-->src\main\AndroidManifest.xml:53:5-76
14-->src\main\AndroidManifest.xml:53:22-73
15    <uses-permission android:name="android.permission.READ_MEDIA_VIDEO" />
15-->src\main\AndroidManifest.xml:54:5-75
15-->src\main\AndroidManifest.xml:54:22-72
16    <uses-permission android:name="android.hardware.CAMERA" />
16-->src\main\AndroidManifest.xml:55:5-62
16-->src\main\AndroidManifest.xml:55:22-60
17    <uses-permission android:name="android.permission.READ_PHONE_STATE" />
17-->src\main\AndroidManifest.xml:56:5-74
17-->src\main\AndroidManifest.xml:56:22-72
18    <!-- Although the *SdkVersion is captured in gradle build files, this is required for non gradle builds -->
19    <!-- <uses-sdk android:minSdkVersion="21" /> -->
20    <uses-permission android:name="android.permission.ACCESS_NETWORK_STATE" />
20-->[com.google.firebase:firebase-firestore:25.1.1] AndroidManifest.xml:10:5-79
20-->[com.google.firebase:firebase-firestore:25.1.1] AndroidManifest.xml:10:22-76
21    <uses-permission android:name="android.permission.INTERNET" />
21-->[com.google.firebase:firebase-firestore:25.1.1] AndroidManifest.xml:11:5-67
21-->[com.google.firebase:firebase-firestore:25.1.1] AndroidManifest.xml:11:22-64
22    <uses-permission android:name="android.permission.REORDER_TASKS" />
22-->[androidx.test:core:1.6.1] AndroidManifest.xml:24:5-72
22-->[androidx.test:core:1.6.1] AndroidManifest.xml:24:22-69
23
24    <permission
24-->[androidx.core:core:1.13.0] AndroidManifest.xml:22:5-24:47
25        android:name="com.example.athena.DYNAMIC_RECEIVER_NOT_EXPORTED_PERMISSION"
25-->[androidx.core:core:1.13.0] AndroidManifest.xml:23:9-81
26        android:protectionLevel="signature" />
26-->[androidx.core:core:1.13.0] AndroidManifest.xml:24:9-44
27
28    <uses-permission android:name="com.example.athena.DYNAMIC_RECEIVER_NOT_EXPORTED_PERMISSION" />
28-->[androidx.core:core:1.13.0] AndroidManifest.xml:26:5-97
28-->[androidx.core:core:1.13.0] AndroidManifest.xml:26:22-94
29
30    <application
30-->src\main\AndroidManifest.xml:5:5-48:19
31        android:allowBackup="true"
31-->src\main\AndroidManifest.xml:7:9-35
32        android:appComponentFactory="androidx.core.app.CoreComponentFactory"
32-->[androidx.core:core:1.13.0] AndroidManifest.xml:28:18-86
33        android:dataExtractionRules="@xml/data_extraction_rules"
33-->src\main\AndroidManifest.xml:8:9-65
34        android:debuggable="true"
35        android:extractNativeLibs="false"
36        android:fullBackupContent="@xml/backup_rules"
36-->src\main\AndroidManifest.xml:9:9-54
37        android:icon="@mipmap/ic_launcher"
37-->src\main\AndroidManifest.xml:10:9-43
38        android:label="@string/app_name"
38-->src\main\AndroidManifest.xml:11:9-41
39        android:roundIcon="@mipmap/ic_launcher_round"
39-->src\main\AndroidManifest.xml:12:9-54
40        android:supportsRtl="true"
40-->src\main\AndroidManifest.xml:13:9-35
41        android:testOnly="true"
42        android:theme="@style/Theme.Athena" >
42-->src\main\AndroidManifest.xml:14:9-44
43        <activity
43-->src\main\AndroidManifest.xml:17:9-25:20
44            android:name="com.example.athena.GeneralActivities.MainActivity"
44-->src\main\AndroidManifest.xml:18:13-59
45            android:exported="true" >
45-->src\main\AndroidManifest.xml:19:13-36
46            <intent-filter>
46-->src\main\AndroidManifest.xml:20:13-24:29
47                <action android:name="android.intent.action.MAIN" />
47-->src\main\AndroidManifest.xml:21:17-69
47-->src\main\AndroidManifest.xml:21:25-66
48
49                <category android:name="android.intent.category.LAUNCHER" />
49-->src\main\AndroidManifest.xml:23:17-77
49-->src\main\AndroidManifest.xml:23:27-74
50            </intent-filter>
51        </activity>
52        <activity android:name="com.example.athena.EntrantAndOrganizerActivities.entrantAndOrganizerHomeActivity" >
52-->src\main\AndroidManifest.xml:27:9-29:20
52-->src\main\AndroidManifest.xml:28:13-90
53        </activity>
54        <activity android:name="com.example.athena.GeneralActivities.viewProfileActivity" >
54-->src\main\AndroidManifest.xml:30:9-32:20
54-->src\main\AndroidManifest.xml:31:13-66
55        </activity>
56        <activity android:name="com.example.athena.EntrantAndOrganizerActivities.editNotificationSettingsActivity" >
56-->src\main\AndroidManifest.xml:33:9-35:20
56-->src\main\AndroidManifest.xml:34:13-91
57        </activity>
58        <activity android:name="com.example.athena.EntrantAndOrganizerActivities.editProfileDetailsActivity" >
58-->src\main\AndroidManifest.xml:36:9-38:20
58-->src\main\AndroidManifest.xml:37:13-85
59        </activity>
60        <activity android:name="com.example.athena.GeneralActivities.signinScreenActivity" >
60-->src\main\AndroidManifest.xml:39:9-41:20
60-->src\main\AndroidManifest.xml:40:13-67
61        </activity>
62        <activity android:name="com.example.athena.GeneralActivities.signUpActivity" >
62-->src\main\AndroidManifest.xml:42:9-44:20
62-->src\main\AndroidManifest.xml:43:13-61
63        </activity>
64
65        <service
65-->[com.google.firebase:firebase-firestore:25.1.1] AndroidManifest.xml:14:9-23:19
66            android:name="com.google.firebase.components.ComponentDiscoveryService"
66-->[com.google.firebase:firebase-firestore:25.1.1] AndroidManifest.xml:15:13-84
67            android:directBootAware="true"
67-->[com.google.firebase:firebase-common:21.0.0] AndroidManifest.xml:32:13-43
68            android:exported="false" >
68-->[com.google.firebase:firebase-firestore:25.1.1] AndroidManifest.xml:16:13-37
69            <meta-data
69-->[com.google.firebase:firebase-firestore:25.1.1] AndroidManifest.xml:17:13-19:85
70                android:name="com.google.firebase.components:com.google.firebase.firestore.FirebaseFirestoreKtxRegistrar"
70-->[com.google.firebase:firebase-firestore:25.1.1] AndroidManifest.xml:18:17-122
71                android:value="com.google.firebase.components.ComponentRegistrar" />
71-->[com.google.firebase:firebase-firestore:25.1.1] AndroidManifest.xml:19:17-82
72            <meta-data
72-->[com.google.firebase:firebase-firestore:25.1.1] AndroidManifest.xml:20:13-22:85
73                android:name="com.google.firebase.components:com.google.firebase.firestore.FirestoreRegistrar"
73-->[com.google.firebase:firebase-firestore:25.1.1] AndroidManifest.xml:21:17-111
74                android:value="com.google.firebase.components.ComponentRegistrar" />
74-->[com.google.firebase:firebase-firestore:25.1.1] AndroidManifest.xml:22:17-82
75            <meta-data
75-->[com.google.firebase:firebase-common-ktx:21.0.0] AndroidManifest.xml:12:13-14:85
76                android:name="com.google.firebase.components:com.google.firebase.ktx.FirebaseCommonLegacyRegistrar"
76-->[com.google.firebase:firebase-common-ktx:21.0.0] AndroidManifest.xml:13:17-116
77                android:value="com.google.firebase.components.ComponentRegistrar" />
77-->[com.google.firebase:firebase-common-ktx:21.0.0] AndroidManifest.xml:14:17-82
78            <meta-data
78-->[com.google.firebase:firebase-common:21.0.0] AndroidManifest.xml:35:13-37:85
79                android:name="com.google.firebase.components:com.google.firebase.FirebaseCommonKtxRegistrar"
79-->[com.google.firebase:firebase-common:21.0.0] AndroidManifest.xml:36:17-109
80                android:value="com.google.firebase.components.ComponentRegistrar" />
80-->[com.google.firebase:firebase-common:21.0.0] AndroidManifest.xml:37:17-82
81        </service>
82
83        <activity
83-->[com.google.android.gms:play-services-base:18.0.1] AndroidManifest.xml:20:9-22:45
84            android:name="com.google.android.gms.common.api.GoogleApiActivity"
84-->[com.google.android.gms:play-services-base:18.0.1] AndroidManifest.xml:20:19-85
85            android:exported="false"
85-->[com.google.android.gms:play-services-base:18.0.1] AndroidManifest.xml:22:19-43
86            android:theme="@android:style/Theme.Translucent.NoTitleBar" />
86-->[com.google.android.gms:play-services-base:18.0.1] AndroidManifest.xml:21:19-78
87
88        <provider
88-->[com.google.firebase:firebase-common:21.0.0] AndroidManifest.xml:23:9-28:39
89            android:name="com.google.firebase.provider.FirebaseInitProvider"
89-->[com.google.firebase:firebase-common:21.0.0] AndroidManifest.xml:24:13-77
90            android:authorities="com.example.athena.firebaseinitprovider"
90-->[com.google.firebase:firebase-common:21.0.0] AndroidManifest.xml:25:13-72
91            android:directBootAware="true"
91-->[com.google.firebase:firebase-common:21.0.0] AndroidManifest.xml:26:13-43
92            android:exported="false"
92-->[com.google.firebase:firebase-common:21.0.0] AndroidManifest.xml:27:13-37
93            android:initOrder="100" />
93-->[com.google.firebase:firebase-common:21.0.0] AndroidManifest.xml:28:13-36
94
95        <activity
95-->[androidx.test:core:1.6.1] AndroidManifest.xml:27:9-34:20
96            android:name="androidx.test.core.app.InstrumentationActivityInvoker$BootstrapActivity"
96-->[androidx.test:core:1.6.1] AndroidManifest.xml:28:13-99
97            android:exported="true"
97-->[androidx.test:core:1.6.1] AndroidManifest.xml:29:13-36
98            android:theme="@style/WhiteBackgroundTheme" >
98-->[androidx.test:core:1.6.1] AndroidManifest.xml:30:13-56
99            <intent-filter android:priority="-100" >
99-->[androidx.test:core:1.6.1] AndroidManifest.xml:31:13-33:29
99-->[androidx.test:core:1.6.1] AndroidManifest.xml:31:28-51
100                <category android:name="android.intent.category.LAUNCHER" />
100-->src\main\AndroidManifest.xml:23:17-77
100-->src\main\AndroidManifest.xml:23:27-74
101            </intent-filter>
102        </activity>
103        <activity
103-->[androidx.test:core:1.6.1] AndroidManifest.xml:35:9-42:20
104            android:name="androidx.test.core.app.InstrumentationActivityInvoker$EmptyActivity"
104-->[androidx.test:core:1.6.1] AndroidManifest.xml:36:13-95
105            android:exported="true"
105-->[androidx.test:core:1.6.1] AndroidManifest.xml:37:13-36
106            android:theme="@style/WhiteBackgroundTheme" >
106-->[androidx.test:core:1.6.1] AndroidManifest.xml:38:13-56
107            <intent-filter android:priority="-100" >
107-->[androidx.test:core:1.6.1] AndroidManifest.xml:31:13-33:29
107-->[androidx.test:core:1.6.1] AndroidManifest.xml:31:28-51
108                <category android:name="android.intent.category.LAUNCHER" />
108-->src\main\AndroidManifest.xml:23:17-77
108-->src\main\AndroidManifest.xml:23:27-74
109            </intent-filter>
110        </activity>
111        <activity
111-->[androidx.test:core:1.6.1] AndroidManifest.xml:43:9-50:20
112            android:name="androidx.test.core.app.InstrumentationActivityInvoker$EmptyFloatingActivity"
112-->[androidx.test:core:1.6.1] AndroidManifest.xml:44:13-103
113            android:exported="true"
113-->[androidx.test:core:1.6.1] AndroidManifest.xml:45:13-36
114            android:theme="@style/WhiteBackgroundDialogTheme" >
114-->[androidx.test:core:1.6.1] AndroidManifest.xml:46:13-62
115            <intent-filter android:priority="-100" >
115-->[androidx.test:core:1.6.1] AndroidManifest.xml:31:13-33:29
115-->[androidx.test:core:1.6.1] AndroidManifest.xml:31:28-51
116                <category android:name="android.intent.category.LAUNCHER" />
116-->src\main\AndroidManifest.xml:23:17-77
116-->src\main\AndroidManifest.xml:23:27-74
117            </intent-filter>
118        </activity>
119
120        <provider
120-->[androidx.emoji2:emoji2:1.3.0] AndroidManifest.xml:24:9-32:20
121            android:name="androidx.startup.InitializationProvider"
121-->[androidx.emoji2:emoji2:1.3.0] AndroidManifest.xml:25:13-67
122            android:authorities="com.example.athena.androidx-startup"
122-->[androidx.emoji2:emoji2:1.3.0] AndroidManifest.xml:26:13-68
123            android:exported="false" >
123-->[androidx.emoji2:emoji2:1.3.0] AndroidManifest.xml:27:13-37
124            <meta-data
124-->[androidx.emoji2:emoji2:1.3.0] AndroidManifest.xml:29:13-31:52
125                android:name="androidx.emoji2.text.EmojiCompatInitializer"
125-->[androidx.emoji2:emoji2:1.3.0] AndroidManifest.xml:30:17-75
126                android:value="androidx.startup" />
126-->[androidx.emoji2:emoji2:1.3.0] AndroidManifest.xml:31:17-49
127            <meta-data
127-->[androidx.lifecycle:lifecycle-process:2.6.2] AndroidManifest.xml:29:13-31:52
128                android:name="androidx.lifecycle.ProcessLifecycleInitializer"
128-->[androidx.lifecycle:lifecycle-process:2.6.2] AndroidManifest.xml:30:17-78
129                android:value="androidx.startup" />
129-->[androidx.lifecycle:lifecycle-process:2.6.2] AndroidManifest.xml:31:17-49
130            <meta-data
130-->[androidx.profileinstaller:profileinstaller:1.3.1] AndroidManifest.xml:29:13-31:52
131                android:name="androidx.profileinstaller.ProfileInstallerInitializer"
131-->[androidx.profileinstaller:profileinstaller:1.3.1] AndroidManifest.xml:30:17-85
132                android:value="androidx.startup" />
132-->[androidx.profileinstaller:profileinstaller:1.3.1] AndroidManifest.xml:31:17-49
133        </provider>
134
135        <uses-library
135-->[androidx.window:window:1.0.0] AndroidManifest.xml:25:9-27:40
136            android:name="androidx.window.extensions"
136-->[androidx.window:window:1.0.0] AndroidManifest.xml:26:13-54
137            android:required="false" />
137-->[androidx.window:window:1.0.0] AndroidManifest.xml:27:13-37
138        <uses-library
138-->[androidx.window:window:1.0.0] AndroidManifest.xml:28:9-30:40
139            android:name="androidx.window.sidecar"
139-->[androidx.window:window:1.0.0] AndroidManifest.xml:29:13-51
140            android:required="false" />
140-->[androidx.window:window:1.0.0] AndroidManifest.xml:30:13-37
141
142        <meta-data
142-->[com.google.android.gms:play-services-basement:18.3.0] AndroidManifest.xml:21:9-23:69
143            android:name="com.google.android.gms.version"
143-->[com.google.android.gms:play-services-basement:18.3.0] AndroidManifest.xml:22:13-58
144            android:value="@integer/google_play_services_version" />
144-->[com.google.android.gms:play-services-basement:18.3.0] AndroidManifest.xml:23:13-66
145
146        <receiver
146-->[androidx.profileinstaller:profileinstaller:1.3.1] AndroidManifest.xml:34:9-52:20
147            android:name="androidx.profileinstaller.ProfileInstallReceiver"
147-->[androidx.profileinstaller:profileinstaller:1.3.1] AndroidManifest.xml:35:13-76
148            android:directBootAware="false"
148-->[androidx.profileinstaller:profileinstaller:1.3.1] AndroidManifest.xml:36:13-44
149            android:enabled="true"
149-->[androidx.profileinstaller:profileinstaller:1.3.1] AndroidManifest.xml:37:13-35
150            android:exported="true"
150-->[androidx.profileinstaller:profileinstaller:1.3.1] AndroidManifest.xml:38:13-36
151            android:permission="android.permission.DUMP" >
151-->[androidx.profileinstaller:profileinstaller:1.3.1] AndroidManifest.xml:39:13-57
152            <intent-filter>
152-->[androidx.profileinstaller:profileinstaller:1.3.1] AndroidManifest.xml:40:13-42:29
153                <action android:name="androidx.profileinstaller.action.INSTALL_PROFILE" />
153-->[androidx.profileinstaller:profileinstaller:1.3.1] AndroidManifest.xml:41:17-91
153-->[androidx.profileinstaller:profileinstaller:1.3.1] AndroidManifest.xml:41:25-88
154            </intent-filter>
155            <intent-filter>
155-->[androidx.profileinstaller:profileinstaller:1.3.1] AndroidManifest.xml:43:13-45:29
156                <action android:name="androidx.profileinstaller.action.SKIP_FILE" />
156-->[androidx.profileinstaller:profileinstaller:1.3.1] AndroidManifest.xml:44:17-85
156-->[androidx.profileinstaller:profileinstaller:1.3.1] AndroidManifest.xml:44:25-82
157            </intent-filter>
158            <intent-filter>
158-->[androidx.profileinstaller:profileinstaller:1.3.1] AndroidManifest.xml:46:13-48:29
159                <action android:name="androidx.profileinstaller.action.SAVE_PROFILE" />
159-->[androidx.profileinstaller:profileinstaller:1.3.1] AndroidManifest.xml:47:17-88
159-->[androidx.profileinstaller:profileinstaller:1.3.1] AndroidManifest.xml:47:25-85
160            </intent-filter>
161            <intent-filter>
161-->[androidx.profileinstaller:profileinstaller:1.3.1] AndroidManifest.xml:49:13-51:29
162                <action android:name="androidx.profileinstaller.action.BENCHMARK_OPERATION" />
162-->[androidx.profileinstaller:profileinstaller:1.3.1] AndroidManifest.xml:50:17-95
162-->[androidx.profileinstaller:profileinstaller:1.3.1] AndroidManifest.xml:50:25-92
163            </intent-filter>
164        </receiver>
165    </application>
166
167</manifest>
=======
11    <uses-feature
11-->src\main\AndroidManifest.xml:5:5-7:35
12        android:name="android.hardware.camera"
12-->src\main\AndroidManifest.xml:6:9-47
13        android:required="true" />
13-->src\main\AndroidManifest.xml:7:9-32
14
15    <uses-permission android:name="android.permission.CAMERA" />
15-->src\main\AndroidManifest.xml:8:5-64
15-->src\main\AndroidManifest.xml:8:22-62
16    <uses-permission android:name="android.permission.WRITE_EXTERNAL_STORAGE" />
16-->src\main\AndroidManifest.xml:60:5-81
16-->src\main\AndroidManifest.xml:60:22-78
17    <uses-permission android:name="android.permission.READ_EXTERNAL_STORAGE" />
17-->src\main\AndroidManifest.xml:61:5-80
17-->src\main\AndroidManifest.xml:61:22-77
18    <uses-permission android:name="android.permission.READ_MEDIA_AUDIO" />
18-->src\main\AndroidManifest.xml:62:5-75
18-->src\main\AndroidManifest.xml:62:22-72
19    <uses-permission android:name="android.permission.READ_MEDIA_IMAGES" />
19-->src\main\AndroidManifest.xml:63:5-76
19-->src\main\AndroidManifest.xml:63:22-73
20    <uses-permission android:name="android.permission.READ_MEDIA_VIDEO" />
20-->src\main\AndroidManifest.xml:64:5-75
20-->src\main\AndroidManifest.xml:64:22-72
21    <uses-permission android:name="android.hardware.CAMERA" />
21-->src\main\AndroidManifest.xml:65:5-62
21-->src\main\AndroidManifest.xml:65:22-60
22    <uses-permission android:name="android.permission.READ_PHONE_STATE" />
22-->src\main\AndroidManifest.xml:66:5-74
22-->src\main\AndroidManifest.xml:66:22-72
23
24    <!-- Although the *SdkVersion is captured in gradle build files, this is required for non gradle builds -->
25    <!-- <uses-sdk android:minSdkVersion="21" /> -->
26    <uses-permission android:name="android.permission.ACCESS_NETWORK_STATE" />
26-->[com.google.firebase:firebase-firestore:25.1.1] AndroidManifest.xml:10:5-79
26-->[com.google.firebase:firebase-firestore:25.1.1] AndroidManifest.xml:10:22-76
27    <uses-permission android:name="android.permission.INTERNET" />
27-->[com.google.firebase:firebase-firestore:25.1.1] AndroidManifest.xml:11:5-67
27-->[com.google.firebase:firebase-firestore:25.1.1] AndroidManifest.xml:11:22-64
28
29    <permission
29-->[androidx.core:core:1.13.0] AndroidManifest.xml:22:5-24:47
30        android:name="com.example.athena.DYNAMIC_RECEIVER_NOT_EXPORTED_PERMISSION"
30-->[androidx.core:core:1.13.0] AndroidManifest.xml:23:9-81
31        android:protectionLevel="signature" />
31-->[androidx.core:core:1.13.0] AndroidManifest.xml:24:9-44
32
33    <uses-permission android:name="com.example.athena.DYNAMIC_RECEIVER_NOT_EXPORTED_PERMISSION" />
33-->[androidx.core:core:1.13.0] AndroidManifest.xml:26:5-97
33-->[androidx.core:core:1.13.0] AndroidManifest.xml:26:22-94
34    <uses-permission android:name="android.permission.REORDER_TASKS" />
34-->[androidx.test:core:1.6.1] AndroidManifest.xml:24:5-72
34-->[androidx.test:core:1.6.1] AndroidManifest.xml:24:22-69
35
36    <uses-feature
36-->[com.journeyapps:zxing-android-embedded:4.3.0] AndroidManifest.xml:28:5-30:36
37        android:name="android.hardware.camera.front"
37-->[com.journeyapps:zxing-android-embedded:4.3.0] AndroidManifest.xml:29:9-53
38        android:required="false" /> <!-- TODO replace above two with next line after Android 4.2 -->
38-->[com.journeyapps:zxing-android-embedded:4.3.0] AndroidManifest.xml:30:9-33
39    <!-- <uses-feature android:name="android.hardware.camera.any"/> -->
40    <uses-feature
40-->[com.journeyapps:zxing-android-embedded:4.3.0] AndroidManifest.xml:33:5-35:36
41        android:name="android.hardware.camera.autofocus"
41-->[com.journeyapps:zxing-android-embedded:4.3.0] AndroidManifest.xml:34:9-57
42        android:required="false" />
42-->[com.journeyapps:zxing-android-embedded:4.3.0] AndroidManifest.xml:35:9-33
43    <uses-feature
43-->[com.journeyapps:zxing-android-embedded:4.3.0] AndroidManifest.xml:36:5-38:36
44        android:name="android.hardware.camera.flash"
44-->[com.journeyapps:zxing-android-embedded:4.3.0] AndroidManifest.xml:37:9-53
45        android:required="false" />
45-->[com.journeyapps:zxing-android-embedded:4.3.0] AndroidManifest.xml:38:9-33
46    <uses-feature
46-->[com.journeyapps:zxing-android-embedded:4.3.0] AndroidManifest.xml:39:5-41:36
47        android:name="android.hardware.screen.landscape"
47-->[com.journeyapps:zxing-android-embedded:4.3.0] AndroidManifest.xml:40:9-57
48        android:required="false" />
48-->[com.journeyapps:zxing-android-embedded:4.3.0] AndroidManifest.xml:41:9-33
49    <uses-feature
49-->[com.journeyapps:zxing-android-embedded:4.3.0] AndroidManifest.xml:42:5-44:36
50        android:name="android.hardware.wifi"
50-->[com.journeyapps:zxing-android-embedded:4.3.0] AndroidManifest.xml:43:9-45
51        android:required="false" />
51-->[com.journeyapps:zxing-android-embedded:4.3.0] AndroidManifest.xml:44:9-33
52
53    <application
53-->src\main\AndroidManifest.xml:10:5-58:19
54        android:allowBackup="true"
54-->src\main\AndroidManifest.xml:12:9-35
55        android:appComponentFactory="androidx.core.app.CoreComponentFactory"
55-->[androidx.core:core:1.13.0] AndroidManifest.xml:28:18-86
56        android:dataExtractionRules="@xml/data_extraction_rules"
56-->src\main\AndroidManifest.xml:13:9-65
57        android:debuggable="true"
58        android:extractNativeLibs="false"
59        android:fullBackupContent="@xml/backup_rules"
59-->src\main\AndroidManifest.xml:14:9-54
60        android:icon="@mipmap/ic_launcher"
60-->src\main\AndroidManifest.xml:15:9-43
61        android:label="@string/app_name"
61-->src\main\AndroidManifest.xml:16:9-41
62        android:roundIcon="@mipmap/ic_launcher_round"
62-->src\main\AndroidManifest.xml:17:9-54
63        android:supportsRtl="true"
63-->src\main\AndroidManifest.xml:18:9-35
64        android:testOnly="true"
65        android:theme="@style/Theme.Athena" >
65-->src\main\AndroidManifest.xml:19:9-44
66        <activity
66-->src\main\AndroidManifest.xml:22:9-30:20
67            android:name="com.example.athena.GeneralActivities.MainActivity"
67-->src\main\AndroidManifest.xml:23:13-59
68            android:exported="true" >
68-->src\main\AndroidManifest.xml:24:13-36
69            <intent-filter>
69-->src\main\AndroidManifest.xml:25:13-29:29
70                <action android:name="android.intent.action.MAIN" />
70-->src\main\AndroidManifest.xml:26:17-69
70-->src\main\AndroidManifest.xml:26:25-66
71
72                <category android:name="android.intent.category.LAUNCHER" />
72-->src\main\AndroidManifest.xml:28:17-77
72-->src\main\AndroidManifest.xml:28:27-74
73            </intent-filter>
74        </activity>
75        <activity android:name="com.example.athena.EntrantAndOrganizerActivities.entrantAndOrganizerHomeActivity" >
75-->src\main\AndroidManifest.xml:32:9-34:20
75-->src\main\AndroidManifest.xml:33:13-90
76        </activity>
77        <activity android:name="com.example.athena.GeneralActivities.viewProfileActivity" >
77-->src\main\AndroidManifest.xml:35:9-37:20
77-->src\main\AndroidManifest.xml:36:13-66
78        </activity>
79        <activity android:name="com.example.athena.EntrantAndOrganizerActivities.editNotificationSettingsActivity" >
79-->src\main\AndroidManifest.xml:38:9-40:20
79-->src\main\AndroidManifest.xml:39:13-91
80        </activity>
81        <activity android:name="com.example.athena.EntrantAndOrganizerActivities.editProfileDetailsActivity" >
81-->src\main\AndroidManifest.xml:41:9-43:20
81-->src\main\AndroidManifest.xml:42:13-85
82        </activity>
83        <activity android:name="com.example.athena.GeneralActivities.signinScreenActivity" >
83-->src\main\AndroidManifest.xml:44:9-46:20
83-->src\main\AndroidManifest.xml:45:13-67
84        </activity>
85        <activity android:name="com.example.athena.GeneralActivities.signUpActivity" >
85-->src\main\AndroidManifest.xml:47:9-49:20
85-->src\main\AndroidManifest.xml:48:13-61
86        </activity>
87        <activity
87-->src\main\AndroidManifest.xml:51:9-56:20
88            android:name="com.example.athena.EntrantAndOrganizerFragments.CaptureAct"
88-->src\main\AndroidManifest.xml:52:13-69
89            android:screenOrientation="portrait"
89-->src\main\AndroidManifest.xml:53:13-49
90            android:stateNotNeeded="true"
90-->src\main\AndroidManifest.xml:54:13-42
91            android:theme="@style/zxing_CaptureTheme" >
91-->src\main\AndroidManifest.xml:55:13-54
92        </activity>
93
94        <service
94-->[androidx.camera:camera-camera2:1.4.0] AndroidManifest.xml:24:9-33:19
95            android:name="androidx.camera.core.impl.MetadataHolderService"
95-->[androidx.camera:camera-camera2:1.4.0] AndroidManifest.xml:25:13-75
96            android:enabled="false"
96-->[androidx.camera:camera-camera2:1.4.0] AndroidManifest.xml:26:13-36
97            android:exported="false" >
97-->[androidx.camera:camera-camera2:1.4.0] AndroidManifest.xml:27:13-37
98            <meta-data
98-->[androidx.camera:camera-camera2:1.4.0] AndroidManifest.xml:30:13-32:89
99                android:name="androidx.camera.core.impl.MetadataHolderService.DEFAULT_CONFIG_PROVIDER"
99-->[androidx.camera:camera-camera2:1.4.0] AndroidManifest.xml:31:17-103
100                android:value="androidx.camera.camera2.Camera2Config$DefaultProvider" />
100-->[androidx.camera:camera-camera2:1.4.0] AndroidManifest.xml:32:17-86
101        </service>
102        <service
102-->[com.google.firebase:firebase-firestore:25.1.1] AndroidManifest.xml:14:9-23:19
103            android:name="com.google.firebase.components.ComponentDiscoveryService"
103-->[com.google.firebase:firebase-firestore:25.1.1] AndroidManifest.xml:15:13-84
104            android:directBootAware="true"
104-->[com.google.firebase:firebase-common:21.0.0] AndroidManifest.xml:32:13-43
105            android:exported="false" >
105-->[com.google.firebase:firebase-firestore:25.1.1] AndroidManifest.xml:16:13-37
106            <meta-data
106-->[com.google.firebase:firebase-firestore:25.1.1] AndroidManifest.xml:17:13-19:85
107                android:name="com.google.firebase.components:com.google.firebase.firestore.FirebaseFirestoreKtxRegistrar"
107-->[com.google.firebase:firebase-firestore:25.1.1] AndroidManifest.xml:18:17-122
108                android:value="com.google.firebase.components.ComponentRegistrar" />
108-->[com.google.firebase:firebase-firestore:25.1.1] AndroidManifest.xml:19:17-82
109            <meta-data
109-->[com.google.firebase:firebase-firestore:25.1.1] AndroidManifest.xml:20:13-22:85
110                android:name="com.google.firebase.components:com.google.firebase.firestore.FirestoreRegistrar"
110-->[com.google.firebase:firebase-firestore:25.1.1] AndroidManifest.xml:21:17-111
111                android:value="com.google.firebase.components.ComponentRegistrar" />
111-->[com.google.firebase:firebase-firestore:25.1.1] AndroidManifest.xml:22:17-82
112            <meta-data
112-->[com.google.firebase:firebase-common-ktx:21.0.0] AndroidManifest.xml:12:13-14:85
113                android:name="com.google.firebase.components:com.google.firebase.ktx.FirebaseCommonLegacyRegistrar"
113-->[com.google.firebase:firebase-common-ktx:21.0.0] AndroidManifest.xml:13:17-116
114                android:value="com.google.firebase.components.ComponentRegistrar" />
114-->[com.google.firebase:firebase-common-ktx:21.0.0] AndroidManifest.xml:14:17-82
115            <meta-data
115-->[com.google.firebase:firebase-common:21.0.0] AndroidManifest.xml:35:13-37:85
116                android:name="com.google.firebase.components:com.google.firebase.FirebaseCommonKtxRegistrar"
116-->[com.google.firebase:firebase-common:21.0.0] AndroidManifest.xml:36:17-109
117                android:value="com.google.firebase.components.ComponentRegistrar" />
117-->[com.google.firebase:firebase-common:21.0.0] AndroidManifest.xml:37:17-82
118        </service>
119
120        <activity
120-->[com.google.android.gms:play-services-base:18.0.1] AndroidManifest.xml:20:9-22:45
121            android:name="com.google.android.gms.common.api.GoogleApiActivity"
121-->[com.google.android.gms:play-services-base:18.0.1] AndroidManifest.xml:20:19-85
122            android:exported="false"
122-->[com.google.android.gms:play-services-base:18.0.1] AndroidManifest.xml:22:19-43
123            android:theme="@android:style/Theme.Translucent.NoTitleBar" />